E:\FIND_PUPIL\FIND_PUPIL\RELEASE\STDAFX.OBJ
E:\FIND_PUPIL\FIND_PUPIL\RELEASE\FIND_PUPIL.OBJ
E:\FIND_PUPIL\FIND_PUPIL\RELEASE\VC110.PDB
D:\FIND_PUPIL\FIND_PUPIL\RELEASE\STDAFX.OBJ
D:\FIND_PUPIL\FIND_PUPIL\RELEASE\FIND_PUPIL.OBJ
D:\FIND_PUPIL\FIND_PUPIL\RELEASE\VC110.PDB
E:\MY DOCUMENT\LOCAL\PUPIL_ANALYSIS\FIND_PUPIL\FIND_PUPIL\RELEASE\STDAFX.OBJ
E:\MY DOCUMENT\LOCAL\PUPIL_ANALYSIS\FIND_PUPIL\FIND_PUPIL\RELEASE\FIND_PUPIL.OBJ
E:\MY DOCUMENT\LOCAL\PUPIL_ANALYSIS\FIND_PUPIL\FIND_PUPIL\RELEASE\VC110.PDB
C:\USERS\ICIE\DESKTOP\FIND_PUPIL\RELEASE\FIND_PUPIL.EXE
C:\USERS\ICIE\DESKTOP\FIND_PUPIL\RELEASE\FIND_PUPIL.PDB
D:\FIND_PUPIL\RELEASE\FIND_PUPIL.EXE
D:\FIND_PUPIL\RELEASE\FIND_PUPIL.PDB
E:\MY DOCUMENT\LOCAL\PUPIL_ANALYSIS\FIND_PUPIL\RELEASE\FIND_PUPIL.EXE
E:\MY DOCUMENT\LOCAL\PUPIL_ANALYSIS\FIND_PUPIL\RELEASE\FIND_PUPIL.PDB
E:\My Document\LOCAL\PUPIL_ANALYSIS\find_pupil\find_pupil\Release\find_pupil.obj
E:\My Document\LOCAL\PUPIL_ANALYSIS\find_pupil\find_pupil\Release\stdafx.obj
E:\My Document\LOCAL\PUPIL_ANALYSIS\find_pupil\find_pupil\Release\cl.command.1.tlog
E:\My Document\LOCAL\PUPIL_ANALYSIS\find_pupil\find_pupil\Release\CL.read.1.tlog
E:\My Document\LOCAL\PUPIL_ANALYSIS\find_pupil\find_pupil\Release\CL.write.1.tlog
E:\My Document\LOCAL\PUPIL_ANALYSIS\find_pupil\find_pupil\Release\link-cvtres.read.1.tlog
E:\My Document\LOCAL\PUPIL_ANALYSIS\find_pupil\find_pupil\Release\link-cvtres.write.1.tlog
E:\My Document\LOCAL\PUPIL_ANALYSIS\find_pupil\find_pupil\Release\link-rc.read.1.tlog
E:\My Document\LOCAL\PUPIL_ANALYSIS\find_pupil\find_pupil\Release\link-rc.write.1.tlog
E:\My Document\LOCAL\PUPIL_ANALYSIS\find_pupil\find_pupil\Release\link.command.1.tlog
E:\My Document\LOCAL\PUPIL_ANALYSIS\find_pupil\find_pupil\Release\link.read.1.tlog
E:\My Document\LOCAL\PUPIL_ANALYSIS\find_pupil\find_pupil\Release\link.write.1.tlog
E:\My Document\LOCAL\PUPIL_ANALYSIS\find_pupil\find_pupil\Release\vc110.pdb
E:\My Document\LOCAL\PUPIL_ANALYSIS\find_pupil\find_pupil\Release\vc120.pdb
E:\My Document\LOCAL\PUPIL_ANALYSIS\find_pupil\Release\find_pupil.pdb
E:\My Document\LOCAL\PUPIL_ANALYSIS\find_pupil\Release\find_pupil.exe
